mode: set
github.com/pippimotta/kominka/internal/handlers/handlers.go:24.47,28.2 1 1
github.com/pippimotta/kominka/internal/handlers/handlers.go:31.33,33.2 1 1
github.com/pippimotta/kominka/internal/handlers/handlers.go:35.67,41.2 3 1
github.com/pippimotta/kominka/internal/handlers/handlers.go:43.68,56.2 5 1
github.com/pippimotta/kominka/internal/handlers/handlers.go:59.74,67.2 4 1
github.com/pippimotta/kominka/internal/handlers/handlers.go:70.71,72.2 1 1
github.com/pippimotta/kominka/internal/handlers/handlers.go:75.69,77.2 1 0
github.com/pippimotta/kominka/internal/handlers/handlers.go:80.75,82.2 1 1
github.com/pippimotta/kominka/internal/handlers/handlers.go:85.70,87.2 1 1
github.com/pippimotta/kominka/internal/handlers/handlers.go:90.79,95.2 3 1
github.com/pippimotta/kominka/internal/handlers/handlers.go:103.79,110.16 3 1
github.com/pippimotta/kominka/internal/handlers/handlers.go:115.2,116.14 2 1
github.com/pippimotta/kominka/internal/handlers/handlers.go:110.16,112.3 1 0
github.com/pippimotta/kominka/internal/handlers/handlers.go:120.78,122.16 2 1
github.com/pippimotta/kominka/internal/handlers/handlers.go:127.2,140.19 6 1
github.com/pippimotta/kominka/internal/handlers/handlers.go:150.2,151.66 2 1
github.com/pippimotta/kominka/internal/handlers/handlers.go:122.16,125.3 2 0
github.com/pippimotta/kominka/internal/handlers/handlers.go:140.19,148.3 4 0
github.com/pippimotta/kominka/internal/handlers/handlers.go:155.81,157.9 2 1
github.com/pippimotta/kominka/internal/handlers/handlers.go:163.2,169.4 4 0
github.com/pippimotta/kominka/internal/handlers/handlers.go:157.9,161.3 3 1
